2024-11-08 13:48:12,137 INFO o.a.j.u.JMeterUtils: Setting Locale to en_EN
2024-11-08 13:48:12,162 INFO o.a.j.JMeter: Loading user properties from: /media/kipi/SSD/Vms/PFinalSO/Proyecto-Final-Sistemas-Operativos/apache-jmeter-5.6.3/bin/user.properties
2024-11-08 13:48:12,162 INFO o.a.j.JMeter: Loading system properties from: /media/kipi/SSD/Vms/PFinalSO/Proyecto-Final-Sistemas-Operativos/apache-jmeter-5.6.3/bin/system.properties
2024-11-08 13:48:12,168 INFO o.a.j.JMeter: Copyright (c) 1998-2024 The Apache Software Foundation
2024-11-08 13:48:12,168 INFO o.a.j.JMeter: Version 5.6.3
2024-11-08 13:48:12,168 INFO o.a.j.JMeter: java.version=11.0.24
2024-11-08 13:48:12,169 INFO o.a.j.JMeter: java.vm.name=OpenJDK 64-Bit Server VM
2024-11-08 13:48:12,169 INFO o.a.j.JMeter: os.name=Linux
2024-11-08 13:48:12,169 INFO o.a.j.JMeter: os.arch=amd64
2024-11-08 13:48:12,169 INFO o.a.j.JMeter: os.version=6.8.0-48-generic
2024-11-08 13:48:12,169 INFO o.a.j.JMeter: file.encoding=UTF-8
2024-11-08 13:48:12,169 INFO o.a.j.JMeter: java.awt.headless=true
2024-11-08 13:48:12,169 INFO o.a.j.JMeter: Max memory     =1073741824
2024-11-08 13:48:12,169 INFO o.a.j.JMeter: Available Processors =8
2024-11-08 13:48:12,179 INFO o.a.j.JMeter: Default Locale=English (EN)
2024-11-08 13:48:12,179 INFO o.a.j.JMeter: JMeter  Locale=English (EN)
2024-11-08 13:48:12,179 INFO o.a.j.JMeter: JMeterHome=/media/kipi/SSD/Vms/PFinalSO/Proyecto-Final-Sistemas-Operativos/apache-jmeter-5.6.3
2024-11-08 13:48:12,179 INFO o.a.j.JMeter: user.dir  =/media/kipi/SSD/Vms/PFinalSO/Proyecto-Final-Sistemas-Operativos
2024-11-08 13:48:12,180 INFO o.a.j.JMeter: PWD       =/media/kipi/SSD/Vms/PFinalSO/Proyecto-Final-Sistemas-Operativos
2024-11-08 13:48:12,180 INFO o.a.j.JMeter: IP: 127.0.1.1 Name: LAKIPIPC FullName: LAKIPIPC
2024-11-08 13:48:12,198 INFO o.a.j.JMeter: Setting property 'jmeter.reportgenerator.outputdir' to:'/media/kipi/SSD/Vms/PFinalSO/Proyecto-Final-Sistemas-Operativos/test-results/web-report'
2024-11-08 13:48:12,202 INFO o.a.j.s.FileServer: Default base='/media/kipi/SSD/Vms/PFinalSO/Proyecto-Final-Sistemas-Operativos'
2024-11-08 13:48:12,204 INFO o.a.j.s.FileServer: Set new base='/media/kipi/SSD/Vms/PFinalSO/Proyecto-Final-Sistemas-Operativos'
2024-11-08 13:48:12,476 INFO o.a.j.s.SaveService: Testplan (JMX) version: 2.2. Testlog (JTL) version: 2.2
2024-11-08 13:48:12,504 INFO o.a.j.s.SaveService: Using SaveService properties version 5.0
2024-11-08 13:48:12,509 INFO o.a.j.s.SaveService: Using SaveService properties file encoding UTF-8
2024-11-08 13:48:12,513 INFO o.a.j.s.SaveService: Loading file: test.jmx
2024-11-08 13:48:12,592 INFO o.a.j.p.h.s.HTTPSamplerBase: Parser for text/html is org.apache.jmeter.protocol.http.parser.LagartoBasedHtmlParser
2024-11-08 13:48:12,592 INFO o.a.j.p.h.s.HTTPSamplerBase: Parser for application/xhtml+xml is org.apache.jmeter.protocol.http.parser.LagartoBasedHtmlParser
2024-11-08 13:48:12,592 INFO o.a.j.p.h.s.HTTPSamplerBase: Parser for application/xml is org.apache.jmeter.protocol.http.parser.LagartoBasedHtmlParser
2024-11-08 13:48:12,592 INFO o.a.j.p.h.s.HTTPSamplerBase: Parser for text/xml is org.apache.jmeter.protocol.http.parser.LagartoBasedHtmlParser
2024-11-08 13:48:12,593 INFO o.a.j.p.h.s.HTTPSamplerBase: Parser for text/vnd.wap.wml is org.apache.jmeter.protocol.http.parser.RegexpHTMLParser
2024-11-08 13:48:12,593 INFO o.a.j.p.h.s.HTTPSamplerBase: Parser for text/css is org.apache.jmeter.protocol.http.parser.CssParser
2024-11-08 13:48:12,604 INFO o.a.j.JMeter: Creating summariser <summary>
2024-11-08 13:48:12,619 INFO o.a.j.r.d.ReportGenerator: ReportGenerator will use for Parsing the separator: ','
2024-11-08 13:48:12,619 INFO o.a.j.r.d.ReportGenerator: Will generate report at end of test from  results file: test-results/results.jtl
2024-11-08 13:48:12,619 INFO o.a.j.r.d.ReportGenerator: Reading report generator properties from: /media/kipi/SSD/Vms/PFinalSO/Proyecto-Final-Sistemas-Operativos/apache-jmeter-5.6.3/bin/reportgenerator.properties
2024-11-08 13:48:12,620 INFO o.a.j.r.d.ReportGenerator: Merging with JMeter properties
2024-11-08 13:48:12,625 INFO o.a.j.r.c.ReportGeneratorConfiguration: Property 'jmeter.reportgenerator.temp_dir' not found, using default value 'temp' instead.
2024-11-08 13:48:12,628 INFO o.a.j.r.c.ReportGeneratorConfiguration: Property 'jmeter.reportgenerator.apdex_per_transaction' not found, using default value 'null' instead.
2024-11-08 13:48:12,629 INFO o.a.j.r.c.ReportGeneratorConfiguration: apdex_per_transaction is empty, not APDEX per transaction customization
2024-11-08 13:48:12,629 INFO o.a.j.r.c.ReportGeneratorConfiguration: Property 'jmeter.reportgenerator.sample_filter' not found, using default value 'null' instead.
2024-11-08 13:48:12,629 INFO o.a.j.r.c.ReportGeneratorConfiguration: Property 'jmeter.reportgenerator.report_title' not found, using default value 'null' instead.
2024-11-08 13:48:12,629 INFO o.a.j.r.c.ReportGeneratorConfiguration: Property 'jmeter.reportgenerator.start_date' not found, using default value 'null' instead.
2024-11-08 13:48:12,629 INFO o.a.j.r.c.ReportGeneratorConfiguration: Property 'jmeter.reportgenerator.end_date' not found, using default value 'null' instead.
2024-11-08 13:48:12,629 INFO o.a.j.r.c.ReportGeneratorConfiguration: Property 'jmeter.reportgenerator.date_format' not found, using default value 'null' instead.
2024-11-08 13:48:12,630 INFO o.a.j.r.c.ReportGeneratorConfiguration: Will use date range start date: null, end date: null
2024-11-08 13:48:12,634 INFO o.a.j.r.c.ReportGeneratorConfiguration: Property 'jmeter.reportgenerator.graph.totalTPS.exclude_controllers' not found, using default value 'false' instead.
2024-11-08 13:48:12,635 INFO o.a.j.r.c.ReportGeneratorConfiguration: Property 'jmeter.reportgenerator.graph.activeThreadsOverTime.exclude_controllers' not found, using default value 'false' instead.
2024-11-08 13:48:12,635 INFO o.a.j.r.c.ReportGeneratorConfiguration: Property 'jmeter.reportgenerator.graph.timeVsThreads.exclude_controllers' not found, using default value 'false' instead.
2024-11-08 13:48:12,635 INFO o.a.j.r.c.ReportGeneratorConfiguration: Property 'jmeter.reportgenerator.graph.responseTimeDistribution.exclude_controllers' not found, using default value 'false' instead.
2024-11-08 13:48:12,635 INFO o.a.j.r.c.ReportGeneratorConfiguration: Property 'jmeter.reportgenerator.graph.transactionsPerSecond.exclude_controllers' not found, using default value 'false' instead.
2024-11-08 13:48:12,635 INFO o.a.j.r.c.ReportGeneratorConfiguration: Property 'jmeter.reportgenerator.graph.responseTimePercentiles.exclude_controllers' not found, using default value 'false' instead.
2024-11-08 13:48:12,636 INFO o.a.j.r.c.ReportGeneratorConfiguration: Property 'jmeter.reportgenerator.graph.responseTimePercentilesOverTime.exclude_controllers' not found, using default value 'false' instead.
2024-11-08 13:48:12,636 INFO o.a.j.r.c.ReportGeneratorConfiguration: Property 'jmeter.reportgenerator.graph.responseTimesOverTime.exclude_controllers' not found, using default value 'false' instead.
2024-11-08 13:48:12,636 INFO o.a.j.r.c.ReportGeneratorConfiguration: Property 'jmeter.reportgenerator.graph.connectTimeOverTime.exclude_controllers' not found, using default value 'false' instead.
2024-11-08 13:48:12,636 INFO o.a.j.r.c.ReportGeneratorConfiguration: Property 'jmeter.reportgenerator.graph.latenciesOverTime.exclude_controllers' not found, using default value 'false' instead.
2024-11-08 13:48:12,638 INFO o.a.j.r.c.ReportGeneratorConfiguration: Property 'jmeter.reportgenerator.exporter.json.filters_only_sample_series' not found, using default value 'true' instead.
2024-11-08 13:48:12,638 INFO o.a.j.r.c.ReportGeneratorConfiguration: Property 'jmeter.reportgenerator.exporter.json.series_filter' not found, using default value '' instead.
2024-11-08 13:48:12,638 INFO o.a.j.r.c.ReportGeneratorConfiguration: Property 'jmeter.reportgenerator.exporter.json.show_controllers_only' not found, using default value 'false' instead.
2024-11-08 13:48:12,639 INFO o.a.j.r.c.ReportGeneratorConfiguration: Property 'jmeter.reportgenerator.exporter.html.filters_only_sample_series' not found, using default value 'true' instead.
2024-11-08 13:48:12,639 INFO o.a.j.r.c.ReportGeneratorConfiguration: Property 'jmeter.reportgenerator.exporter.html.series_filter' not found, using default value '' instead.
2024-11-08 13:48:12,639 INFO o.a.j.r.c.ReportGeneratorConfiguration: Property 'jmeter.reportgenerator.exporter.html.show_controllers_only' not found, using default value 'false' instead.
2024-11-08 13:48:12,657 INFO o.a.j.e.StandardJMeterEngine: Running the test!
2024-11-08 13:48:12,658 INFO o.a.j.s.SampleEvent: List of sample_variables: []
2024-11-08 13:48:12,658 INFO o.a.j.s.SampleEvent: List of sample_variables: []
2024-11-08 13:48:12,673 INFO o.a.j.e.u.CompoundVariable: Note: Function class names must contain the string: '.functions.'
2024-11-08 13:48:12,673 INFO o.a.j.e.u.CompoundVariable: Note: Function class names must not contain the string: '.gui.'
2024-11-08 13:48:13,034 INFO o.a.j.JMeter: Running test (1731091693034)
2024-11-08 13:48:13,052 INFO o.a.j.e.StandardJMeterEngine: Starting ThreadGroup: 1 : Thread Group
2024-11-08 13:48:13,052 INFO o.a.j.e.StandardJMeterEngine: Starting 100 threads for group Thread Group.
2024-11-08 13:48:13,052 INFO o.a.j.e.StandardJMeterEngine: Thread will continue on error
2024-11-08 13:48:13,053 INFO o.a.j.t.ThreadGroup: Starting thread group... number=1 threads=100 ramp-up=10 delayedStart=false
2024-11-08 13:48:13,067 INFO o.a.j.t.JMeterThread: Thread started: Thread Group 1-1
2024-11-08 13:48:13,104 INFO o.a.j.p.h.s.HTTPHCAbstractImpl: Local host = LAKIPIPC
2024-11-08 13:48:13,112 INFO o.a.j.t.ThreadGroup: Started thread group number 1
2024-11-08 13:48:13,112 INFO o.a.j.e.StandardJMeterEngine: All thread groups have been started
2024-11-08 13:48:13,114 INFO o.a.j.p.h.s.HTTPHC4Impl: HTTP request retry count = 0
2024-11-08 13:48:13,116 INFO o.a.j.s.SampleResult: Note: Sample TimeStamps are START times
2024-11-08 13:48:13,116 INFO o.a.j.s.SampleResult: sampleresult.default.encoding is set to UTF-8
2024-11-08 13:48:13,116 INFO o.a.j.s.SampleResult: sampleresult.useNanoTime=true
2024-11-08 13:48:13,116 INFO o.a.j.s.SampleResult: sampleresult.nanoThreadSleep=5000
2024-11-08 13:48:13,163 INFO o.a.j.t.JMeterThread: Thread started: Thread Group 1-2
2024-11-08 13:48:13,262 INFO o.a.j.t.JMeterThread: Thread started: Thread Group 1-3
2024-11-08 13:48:13,292 INFO o.a.j.t.JMeterThread: Thread is done: Thread Group 1-2
2024-11-08 13:48:13,293 INFO o.a.j.t.JMeterThread: Thread finished: Thread Group 1-2
2024-11-08 13:48:13,294 INFO o.a.j.t.JMeterThread: Thread is done: Thread Group 1-1
2024-11-08 13:48:13,294 INFO o.a.j.t.JMeterThread: Thread finished: Thread Group 1-1
2024-11-08 13:48:13,297 INFO o.a.j.t.JMeterThread: Thread is done: Thread Group 1-3
2024-11-08 13:48:13,298 INFO o.a.j.t.JMeterThread: Thread finished: Thread Group 1-3
2024-11-08 13:48:13,359 INFO o.a.j.t.JMeterThread: Thread started: Thread Group 1-4
2024-11-08 13:48:13,385 INFO o.a.j.t.JMeterThread: Thread is done: Thread Group 1-4
2024-11-08 13:48:13,386 INFO o.a.j.t.JMeterThread: Thread finished: Thread Group 1-4
2024-11-08 13:48:13,459 INFO o.a.j.t.JMeterThread: Thread started: Thread Group 1-5
2024-11-08 13:48:13,484 INFO o.a.j.t.JMeterThread: Thread is done: Thread Group 1-5
2024-11-08 13:48:13,484 INFO o.a.j.t.JMeterThread: Thread finished: Thread Group 1-5
2024-11-08 13:48:13,558 INFO o.a.j.t.JMeterThread: Thread started: Thread Group 1-6
2024-11-08 13:48:13,583 INFO o.a.j.t.JMeterThread: Thread is done: Thread Group 1-6
2024-11-08 13:48:13,583 INFO o.a.j.t.JMeterThread: Thread finished: Thread Group 1-6
2024-11-08 13:48:13,656 INFO o.a.j.t.JMeterThread: Thread started: Thread Group 1-7
2024-11-08 13:48:13,691 INFO o.a.j.t.JMeterThread: Thread is done: Thread Group 1-7
2024-11-08 13:48:13,692 INFO o.a.j.t.JMeterThread: Thread finished: Thread Group 1-7
2024-11-08 13:48:13,755 INFO o.a.j.t.JMeterThread: Thread started: Thread Group 1-8
2024-11-08 13:48:13,853 INFO o.a.j.t.JMeterThread: Thread is done: Thread Group 1-8
2024-11-08 13:48:13,853 INFO o.a.j.t.JMeterThread: Thread finished: Thread Group 1-8
2024-11-08 13:48:13,854 INFO o.a.j.t.JMeterThread: Thread started: Thread Group 1-9
2024-11-08 13:48:13,894 INFO o.a.j.t.JMeterThread: Thread is done: Thread Group 1-9
2024-11-08 13:48:13,894 INFO o.a.j.t.JMeterThread: Thread finished: Thread Group 1-9
2024-11-08 13:48:13,954 INFO o.a.j.t.JMeterThread: Thread started: Thread Group 1-10
2024-11-08 13:48:13,988 INFO o.a.j.t.JMeterThread: Thread is done: Thread Group 1-10
2024-11-08 13:48:13,988 INFO o.a.j.t.JMeterThread: Thread finished: Thread Group 1-10
2024-11-08 13:48:14,054 INFO o.a.j.t.JMeterThread: Thread started: Thread Group 1-11
2024-11-08 13:48:14,105 INFO o.a.j.t.JMeterThread: Thread is done: Thread Group 1-11
2024-11-08 13:48:14,105 INFO o.a.j.t.JMeterThread: Thread finished: Thread Group 1-11
2024-11-08 13:48:14,155 INFO o.a.j.t.JMeterThread: Thread started: Thread Group 1-12
2024-11-08 13:48:14,198 INFO o.a.j.t.JMeterThread: Thread is done: Thread Group 1-12
2024-11-08 13:48:14,198 INFO o.a.j.t.JMeterThread: Thread finished: Thread Group 1-12
2024-11-08 13:48:14,254 INFO o.a.j.t.JMeterThread: Thread started: Thread Group 1-13
2024-11-08 13:48:14,295 INFO o.a.j.t.JMeterThread: Thread is done: Thread Group 1-13
2024-11-08 13:48:14,296 INFO o.a.j.t.JMeterThread: Thread finished: Thread Group 1-13
2024-11-08 13:48:14,355 INFO o.a.j.t.JMeterThread: Thread started: Thread Group 1-14
2024-11-08 13:48:14,421 INFO o.a.j.t.JMeterThread: Thread is done: Thread Group 1-14
2024-11-08 13:48:14,421 INFO o.a.j.t.JMeterThread: Thread finished: Thread Group 1-14
2024-11-08 13:48:14,454 INFO o.a.j.t.JMeterThread: Thread started: Thread Group 1-15
2024-11-08 13:48:14,489 INFO o.a.j.t.JMeterThread: Thread is done: Thread Group 1-15
2024-11-08 13:48:14,489 INFO o.a.j.t.JMeterThread: Thread finished: Thread Group 1-15
2024-11-08 13:48:14,555 INFO o.a.j.t.JMeterThread: Thread started: Thread Group 1-16
2024-11-08 13:48:14,586 INFO o.a.j.t.JMeterThread: Thread is done: Thread Group 1-16
2024-11-08 13:48:14,586 INFO o.a.j.t.JMeterThread: Thread finished: Thread Group 1-16
2024-11-08 13:48:14,654 INFO o.a.j.t.JMeterThread: Thread started: Thread Group 1-17
2024-11-08 13:48:14,682 INFO o.a.j.t.JMeterThread: Thread is done: Thread Group 1-17
2024-11-08 13:48:14,683 INFO o.a.j.t.JMeterThread: Thread finished: Thread Group 1-17
2024-11-08 13:48:14,754 INFO o.a.j.t.JMeterThread: Thread started: Thread Group 1-18
2024-11-08 13:48:14,784 INFO o.a.j.t.JMeterThread: Thread is done: Thread Group 1-18
2024-11-08 13:48:14,784 INFO o.a.j.t.JMeterThread: Thread finished: Thread Group 1-18
2024-11-08 13:48:14,854 INFO o.a.j.t.JMeterThread: Thread started: Thread Group 1-19
2024-11-08 13:48:14,880 INFO o.a.j.t.JMeterThread: Thread is done: Thread Group 1-19
2024-11-08 13:48:14,880 INFO o.a.j.t.JMeterThread: Thread finished: Thread Group 1-19
2024-11-08 13:48:14,954 INFO o.a.j.t.JMeterThread: Thread started: Thread Group 1-20
2024-11-08 13:48:14,983 INFO o.a.j.t.JMeterThread: Thread is done: Thread Group 1-20
2024-11-08 13:48:14,984 INFO o.a.j.t.JMeterThread: Thread finished: Thread Group 1-20
2024-11-08 13:48:15,054 INFO o.a.j.t.JMeterThread: Thread started: Thread Group 1-21
2024-11-08 13:48:15,082 INFO o.a.j.t.JMeterThread: Thread is done: Thread Group 1-21
2024-11-08 13:48:15,082 INFO o.a.j.t.JMeterThread: Thread finished: Thread Group 1-21
2024-11-08 13:48:15,154 INFO o.a.j.t.JMeterThread: Thread started: Thread Group 1-22
2024-11-08 13:48:15,253 INFO o.a.j.t.JMeterThread: Thread started: Thread Group 1-23
2024-11-08 13:48:15,270 INFO o.a.j.t.JMeterThread: Thread is done: Thread Group 1-22
2024-11-08 13:48:15,270 INFO o.a.j.t.JMeterThread: Thread finished: Thread Group 1-22
2024-11-08 13:48:15,295 INFO o.a.j.t.JMeterThread: Thread is done: Thread Group 1-23
2024-11-08 13:48:15,295 INFO o.a.j.t.JMeterThread: Thread finished: Thread Group 1-23
2024-11-08 13:48:15,354 INFO o.a.j.t.JMeterThread: Thread started: Thread Group 1-24
2024-11-08 13:48:15,393 INFO o.a.j.t.JMeterThread: Thread is done: Thread Group 1-24
2024-11-08 13:48:15,393 INFO o.a.j.t.JMeterThread: Thread finished: Thread Group 1-24
2024-11-08 13:48:15,453 INFO o.a.j.t.JMeterThread: Thread started: Thread Group 1-25
2024-11-08 13:48:15,486 INFO o.a.j.t.JMeterThread: Thread is done: Thread Group 1-25
2024-11-08 13:48:15,486 INFO o.a.j.t.JMeterThread: Thread finished: Thread Group 1-25
2024-11-08 13:48:15,554 INFO o.a.j.t.JMeterThread: Thread started: Thread Group 1-26
2024-11-08 13:48:15,654 INFO o.a.j.t.JMeterThread: Thread started: Thread Group 1-27
2024-11-08 13:48:15,692 INFO o.a.j.t.JMeterThread: Thread is done: Thread Group 1-26
2024-11-08 13:48:15,692 INFO o.a.j.t.JMeterThread: Thread finished: Thread Group 1-26
2024-11-08 13:48:15,697 INFO o.a.j.t.JMeterThread: Thread is done: Thread Group 1-27
2024-11-08 13:48:15,697 INFO o.a.j.t.JMeterThread: Thread finished: Thread Group 1-27
2024-11-08 13:48:15,754 INFO o.a.j.t.JMeterThread: Thread started: Thread Group 1-28
2024-11-08 13:48:15,787 INFO o.a.j.t.JMeterThread: Thread is done: Thread Group 1-28
2024-11-08 13:48:15,788 INFO o.a.j.t.JMeterThread: Thread finished: Thread Group 1-28
2024-11-08 13:48:15,854 INFO o.a.j.t.JMeterThread: Thread started: Thread Group 1-29
2024-11-08 13:48:15,887 INFO o.a.j.t.JMeterThread: Thread is done: Thread Group 1-29
2024-11-08 13:48:15,887 INFO o.a.j.t.JMeterThread: Thread finished: Thread Group 1-29
2024-11-08 13:48:15,954 INFO o.a.j.t.JMeterThread: Thread started: Thread Group 1-30
2024-11-08 13:48:15,987 INFO o.a.j.t.JMeterThread: Thread is done: Thread Group 1-30
2024-11-08 13:48:15,987 INFO o.a.j.t.JMeterThread: Thread finished: Thread Group 1-30
2024-11-08 13:48:16,054 INFO o.a.j.t.JMeterThread: Thread started: Thread Group 1-31
2024-11-08 13:48:16,089 INFO o.a.j.t.JMeterThread: Thread is done: Thread Group 1-31
2024-11-08 13:48:16,089 INFO o.a.j.t.JMeterThread: Thread finished: Thread Group 1-31
2024-11-08 13:48:16,154 INFO o.a.j.t.JMeterThread: Thread started: Thread Group 1-32
2024-11-08 13:48:16,188 INFO o.a.j.t.JMeterThread: Thread is done: Thread Group 1-32
2024-11-08 13:48:16,188 INFO o.a.j.t.JMeterThread: Thread finished: Thread Group 1-32
2024-11-08 13:48:16,254 INFO o.a.j.t.JMeterThread: Thread started: Thread Group 1-33
2024-11-08 13:48:16,284 INFO o.a.j.t.JMeterThread: Thread is done: Thread Group 1-33
2024-11-08 13:48:16,285 INFO o.a.j.t.JMeterThread: Thread finished: Thread Group 1-33
2024-11-08 13:48:16,353 INFO o.a.j.t.JMeterThread: Thread started: Thread Group 1-34
2024-11-08 13:48:16,380 INFO o.a.j.t.JMeterThread: Thread is done: Thread Group 1-34
2024-11-08 13:48:16,380 INFO o.a.j.t.JMeterThread: Thread finished: Thread Group 1-34
2024-11-08 13:48:16,453 INFO o.a.j.t.JMeterThread: Thread started: Thread Group 1-35
2024-11-08 13:48:16,478 INFO o.a.j.t.JMeterThread: Thread is done: Thread Group 1-35
2024-11-08 13:48:16,479 INFO o.a.j.t.JMeterThread: Thread finished: Thread Group 1-35
2024-11-08 13:48:16,554 INFO o.a.j.t.JMeterThread: Thread started: Thread Group 1-36
2024-11-08 13:48:16,587 INFO o.a.j.t.JMeterThread: Thread is done: Thread Group 1-36
2024-11-08 13:48:16,587 INFO o.a.j.t.JMeterThread: Thread finished: Thread Group 1-36
2024-11-08 13:48:16,654 INFO o.a.j.t.JMeterThread: Thread started: Thread Group 1-37
2024-11-08 13:48:16,686 INFO o.a.j.t.JMeterThread: Thread is done: Thread Group 1-37
2024-11-08 13:48:16,686 INFO o.a.j.t.JMeterThread: Thread finished: Thread Group 1-37
2024-11-08 13:48:16,753 INFO o.a.j.t.JMeterThread: Thread started: Thread Group 1-38
2024-11-08 13:48:16,785 INFO o.a.j.t.JMeterThread: Thread is done: Thread Group 1-38
2024-11-08 13:48:16,785 INFO o.a.j.t.JMeterThread: Thread finished: Thread Group 1-38
2024-11-08 13:48:16,854 INFO o.a.j.t.JMeterThread: Thread started: Thread Group 1-39
2024-11-08 13:48:16,954 INFO o.a.j.t.JMeterThread: Thread started: Thread Group 1-40
2024-11-08 13:48:16,976 INFO o.a.j.t.JMeterThread: Thread is done: Thread Group 1-39
2024-11-08 13:48:16,976 INFO o.a.j.t.JMeterThread: Thread finished: Thread Group 1-39
2024-11-08 13:48:16,995 INFO o.a.j.t.JMeterThread: Thread is done: Thread Group 1-40
2024-11-08 13:48:16,996 INFO o.a.j.t.JMeterThread: Thread finished: Thread Group 1-40
2024-11-08 13:48:17,054 INFO o.a.j.t.JMeterThread: Thread started: Thread Group 1-41
2024-11-08 13:48:17,086 INFO o.a.j.t.JMeterThread: Thread is done: Thread Group 1-41
2024-11-08 13:48:17,086 INFO o.a.j.t.JMeterThread: Thread finished: Thread Group 1-41
2024-11-08 13:48:17,155 INFO o.a.j.t.JMeterThread: Thread started: Thread Group 1-42
2024-11-08 13:48:17,192 INFO o.a.j.t.JMeterThread: Thread is done: Thread Group 1-42
2024-11-08 13:48:17,192 INFO o.a.j.t.JMeterThread: Thread finished: Thread Group 1-42
2024-11-08 13:48:17,254 INFO o.a.j.t.JMeterThread: Thread started: Thread Group 1-43
2024-11-08 13:48:17,282 INFO o.a.j.t.JMeterThread: Thread is done: Thread Group 1-43
2024-11-08 13:48:17,282 INFO o.a.j.t.JMeterThread: Thread finished: Thread Group 1-43
2024-11-08 13:48:17,354 INFO o.a.j.t.JMeterThread: Thread started: Thread Group 1-44
2024-11-08 13:48:17,383 INFO o.a.j.t.JMeterThread: Thread is done: Thread Group 1-44
2024-11-08 13:48:17,383 INFO o.a.j.t.JMeterThread: Thread finished: Thread Group 1-44
2024-11-08 13:48:17,454 INFO o.a.j.t.JMeterThread: Thread started: Thread Group 1-45
2024-11-08 13:48:17,484 INFO o.a.j.t.JMeterThread: Thread is done: Thread Group 1-45
2024-11-08 13:48:17,484 INFO o.a.j.t.JMeterThread: Thread finished: Thread Group 1-45
2024-11-08 13:48:17,553 INFO o.a.j.t.JMeterThread: Thread started: Thread Group 1-46
2024-11-08 13:48:17,588 INFO o.a.j.t.JMeterThread: Thread is done: Thread Group 1-46
2024-11-08 13:48:17,588 INFO o.a.j.t.JMeterThread: Thread finished: Thread Group 1-46
2024-11-08 13:48:17,654 INFO o.a.j.t.JMeterThread: Thread started: Thread Group 1-47
2024-11-08 13:48:17,682 INFO o.a.j.t.JMeterThread: Thread is done: Thread Group 1-47
2024-11-08 13:48:17,682 INFO o.a.j.t.JMeterThread: Thread finished: Thread Group 1-47
2024-11-08 13:48:17,753 INFO o.a.j.t.JMeterThread: Thread started: Thread Group 1-48
2024-11-08 13:48:17,779 INFO o.a.j.t.JMeterThread: Thread is done: Thread Group 1-48
2024-11-08 13:48:17,779 INFO o.a.j.t.JMeterThread: Thread finished: Thread Group 1-48
2024-11-08 13:48:17,854 INFO o.a.j.t.JMeterThread: Thread started: Thread Group 1-49
2024-11-08 13:48:17,882 INFO o.a.j.t.JMeterThread: Thread is done: Thread Group 1-49
2024-11-08 13:48:17,882 INFO o.a.j.t.JMeterThread: Thread finished: Thread Group 1-49
2024-11-08 13:48:17,953 INFO o.a.j.t.JMeterThread: Thread started: Thread Group 1-50
2024-11-08 13:48:17,982 INFO o.a.j.t.JMeterThread: Thread is done: Thread Group 1-50
2024-11-08 13:48:17,982 INFO o.a.j.t.JMeterThread: Thread finished: Thread Group 1-50
2024-11-08 13:48:18,054 INFO o.a.j.t.JMeterThread: Thread started: Thread Group 1-51
2024-11-08 13:48:18,084 INFO o.a.j.t.JMeterThread: Thread is done: Thread Group 1-51
2024-11-08 13:48:18,084 INFO o.a.j.t.JMeterThread: Thread finished: Thread Group 1-51
2024-11-08 13:48:18,153 INFO o.a.j.t.JMeterThread: Thread started: Thread Group 1-52
2024-11-08 13:48:18,187 INFO o.a.j.t.JMeterThread: Thread is done: Thread Group 1-52
2024-11-08 13:48:18,187 INFO o.a.j.t.JMeterThread: Thread finished: Thread Group 1-52
2024-11-08 13:48:18,254 INFO o.a.j.t.JMeterThread: Thread started: Thread Group 1-53
2024-11-08 13:48:18,279 INFO o.a.j.t.JMeterThread: Thread is done: Thread Group 1-53
2024-11-08 13:48:18,279 INFO o.a.j.t.JMeterThread: Thread finished: Thread Group 1-53
2024-11-08 13:48:18,353 INFO o.a.j.t.JMeterThread: Thread started: Thread Group 1-54
2024-11-08 13:48:18,376 INFO o.a.j.t.JMeterThread: Thread is done: Thread Group 1-54
2024-11-08 13:48:18,377 INFO o.a.j.t.JMeterThread: Thread finished: Thread Group 1-54
2024-11-08 13:48:18,454 INFO o.a.j.t.JMeterThread: Thread started: Thread Group 1-55
2024-11-08 13:48:18,506 INFO o.a.j.t.JMeterThread: Thread is done: Thread Group 1-55
2024-11-08 13:48:18,506 INFO o.a.j.t.JMeterThread: Thread finished: Thread Group 1-55
2024-11-08 13:48:18,555 INFO o.a.j.t.JMeterThread: Thread started: Thread Group 1-56
2024-11-08 13:48:18,581 INFO o.a.j.t.JMeterThread: Thread is done: Thread Group 1-56
2024-11-08 13:48:18,581 INFO o.a.j.t.JMeterThread: Thread finished: Thread Group 1-56
2024-11-08 13:48:18,653 INFO o.a.j.t.JMeterThread: Thread started: Thread Group 1-57
2024-11-08 13:48:18,678 INFO o.a.j.t.JMeterThread: Thread is done: Thread Group 1-57
2024-11-08 13:48:18,678 INFO o.a.j.t.JMeterThread: Thread finished: Thread Group 1-57
2024-11-08 13:48:18,754 INFO o.a.j.t.JMeterThread: Thread started: Thread Group 1-58
2024-11-08 13:48:18,780 INFO o.a.j.t.JMeterThread: Thread is done: Thread Group 1-58
2024-11-08 13:48:18,781 INFO o.a.j.t.JMeterThread: Thread finished: Thread Group 1-58
2024-11-08 13:48:18,855 INFO o.a.j.t.JMeterThread: Thread started: Thread Group 1-59
2024-11-08 13:48:18,877 INFO o.a.j.t.JMeterThread: Thread is done: Thread Group 1-59
2024-11-08 13:48:18,878 INFO o.a.j.t.JMeterThread: Thread finished: Thread Group 1-59
2024-11-08 13:48:18,953 INFO o.a.j.t.JMeterThread: Thread started: Thread Group 1-60
2024-11-08 13:48:18,983 INFO o.a.j.t.JMeterThread: Thread is done: Thread Group 1-60
2024-11-08 13:48:18,983 INFO o.a.j.t.JMeterThread: Thread finished: Thread Group 1-60
2024-11-08 13:48:19,054 INFO o.a.j.t.JMeterThread: Thread started: Thread Group 1-61
2024-11-08 13:48:19,084 INFO o.a.j.t.JMeterThread: Thread is done: Thread Group 1-61
2024-11-08 13:48:19,084 INFO o.a.j.t.JMeterThread: Thread finished: Thread Group 1-61
2024-11-08 13:48:19,153 INFO o.a.j.t.JMeterThread: Thread started: Thread Group 1-62
2024-11-08 13:48:19,182 INFO o.a.j.t.JMeterThread: Thread is done: Thread Group 1-62
2024-11-08 13:48:19,182 INFO o.a.j.t.JMeterThread: Thread finished: Thread Group 1-62
2024-11-08 13:48:19,254 INFO o.a.j.t.JMeterThread: Thread started: Thread Group 1-63
2024-11-08 13:48:19,282 INFO o.a.j.t.JMeterThread: Thread is done: Thread Group 1-63
2024-11-08 13:48:19,282 INFO o.a.j.t.JMeterThread: Thread finished: Thread Group 1-63
2024-11-08 13:48:19,355 INFO o.a.j.t.JMeterThread: Thread started: Thread Group 1-64
2024-11-08 13:48:19,378 INFO o.a.j.t.JMeterThread: Thread is done: Thread Group 1-64
2024-11-08 13:48:19,378 INFO o.a.j.t.JMeterThread: Thread finished: Thread Group 1-64
2024-11-08 13:48:19,453 INFO o.a.j.t.JMeterThread: Thread started: Thread Group 1-65
2024-11-08 13:48:19,476 INFO o.a.j.t.JMeterThread: Thread is done: Thread Group 1-65
2024-11-08 13:48:19,476 INFO o.a.j.t.JMeterThread: Thread finished: Thread Group 1-65
2024-11-08 13:48:19,554 INFO o.a.j.t.JMeterThread: Thread started: Thread Group 1-66
2024-11-08 13:48:19,578 INFO o.a.j.t.JMeterThread: Thread is done: Thread Group 1-66
2024-11-08 13:48:19,578 INFO o.a.j.t.JMeterThread: Thread finished: Thread Group 1-66
2024-11-08 13:48:19,654 INFO o.a.j.t.JMeterThread: Thread started: Thread Group 1-67
2024-11-08 13:48:19,675 INFO o.a.j.t.JMeterThread: Thread is done: Thread Group 1-67
2024-11-08 13:48:19,675 INFO o.a.j.t.JMeterThread: Thread finished: Thread Group 1-67
2024-11-08 13:48:19,753 INFO o.a.j.t.JMeterThread: Thread started: Thread Group 1-68
2024-11-08 13:48:19,784 INFO o.a.j.t.JMeterThread: Thread is done: Thread Group 1-68
2024-11-08 13:48:19,784 INFO o.a.j.t.JMeterThread: Thread finished: Thread Group 1-68
2024-11-08 13:48:19,854 INFO o.a.j.t.JMeterThread: Thread started: Thread Group 1-69
2024-11-08 13:48:19,884 INFO o.a.j.t.JMeterThread: Thread is done: Thread Group 1-69
2024-11-08 13:48:19,884 INFO o.a.j.t.JMeterThread: Thread finished: Thread Group 1-69
2024-11-08 13:48:19,954 INFO o.a.j.t.JMeterThread: Thread started: Thread Group 1-70
2024-11-08 13:48:20,054 INFO o.a.j.t.JMeterThread: Thread started: Thread Group 1-71
2024-11-08 13:48:20,063 INFO o.a.j.t.JMeterThread: Thread is done: Thread Group 1-70
2024-11-08 13:48:20,063 INFO o.a.j.t.JMeterThread: Thread finished: Thread Group 1-70
2024-11-08 13:48:20,076 INFO o.a.j.t.JMeterThread: Thread is done: Thread Group 1-71
2024-11-08 13:48:20,076 INFO o.a.j.t.JMeterThread: Thread finished: Thread Group 1-71
2024-11-08 13:48:20,155 INFO o.a.j.t.JMeterThread: Thread started: Thread Group 1-72
2024-11-08 13:48:20,177 INFO o.a.j.t.JMeterThread: Thread is done: Thread Group 1-72
2024-11-08 13:48:20,178 INFO o.a.j.t.JMeterThread: Thread finished: Thread Group 1-72
2024-11-08 13:48:20,253 INFO o.a.j.t.JMeterThread: Thread started: Thread Group 1-73
2024-11-08 13:48:20,275 INFO o.a.j.t.JMeterThread: Thread is done: Thread Group 1-73
2024-11-08 13:48:20,275 INFO o.a.j.t.JMeterThread: Thread finished: Thread Group 1-73
2024-11-08 13:48:20,354 INFO o.a.j.t.JMeterThread: Thread started: Thread Group 1-74
2024-11-08 13:48:20,379 INFO o.a.j.t.JMeterThread: Thread is done: Thread Group 1-74
2024-11-08 13:48:20,379 INFO o.a.j.t.JMeterThread: Thread finished: Thread Group 1-74
2024-11-08 13:48:20,453 INFO o.a.j.t.JMeterThread: Thread started: Thread Group 1-75
2024-11-08 13:48:20,479 INFO o.a.j.t.JMeterThread: Thread is done: Thread Group 1-75
2024-11-08 13:48:20,479 INFO o.a.j.t.JMeterThread: Thread finished: Thread Group 1-75
2024-11-08 13:48:20,554 INFO o.a.j.t.JMeterThread: Thread started: Thread Group 1-76
2024-11-08 13:48:20,584 INFO o.a.j.t.JMeterThread: Thread is done: Thread Group 1-76
2024-11-08 13:48:20,585 INFO o.a.j.t.JMeterThread: Thread finished: Thread Group 1-76
2024-11-08 13:48:20,655 INFO o.a.j.t.JMeterThread: Thread started: Thread Group 1-77
2024-11-08 13:48:20,688 INFO o.a.j.t.JMeterThread: Thread is done: Thread Group 1-77
2024-11-08 13:48:20,688 INFO o.a.j.t.JMeterThread: Thread finished: Thread Group 1-77
2024-11-08 13:48:20,753 INFO o.a.j.t.JMeterThread: Thread started: Thread Group 1-78
2024-11-08 13:48:20,782 INFO o.a.j.t.JMeterThread: Thread is done: Thread Group 1-78
2024-11-08 13:48:20,783 INFO o.a.j.t.JMeterThread: Thread finished: Thread Group 1-78
2024-11-08 13:48:20,854 INFO o.a.j.t.JMeterThread: Thread started: Thread Group 1-79
2024-11-08 13:48:20,883 INFO o.a.j.t.JMeterThread: Thread is done: Thread Group 1-79
2024-11-08 13:48:20,883 INFO o.a.j.t.JMeterThread: Thread finished: Thread Group 1-79
2024-11-08 13:48:20,953 INFO o.a.j.t.JMeterThread: Thread started: Thread Group 1-80
2024-11-08 13:48:20,977 INFO o.a.j.t.JMeterThread: Thread is done: Thread Group 1-80
2024-11-08 13:48:20,977 INFO o.a.j.t.JMeterThread: Thread finished: Thread Group 1-80
2024-11-08 13:48:21,054 INFO o.a.j.t.JMeterThread: Thread started: Thread Group 1-81
2024-11-08 13:48:21,083 INFO o.a.j.t.JMeterThread: Thread is done: Thread Group 1-81
2024-11-08 13:48:21,083 INFO o.a.j.t.JMeterThread: Thread finished: Thread Group 1-81
2024-11-08 13:48:21,154 INFO o.a.j.t.JMeterThread: Thread started: Thread Group 1-82
2024-11-08 13:48:21,183 INFO o.a.j.t.JMeterThread: Thread is done: Thread Group 1-82
2024-11-08 13:48:21,183 INFO o.a.j.t.JMeterThread: Thread finished: Thread Group 1-82
2024-11-08 13:48:21,253 INFO o.a.j.t.JMeterThread: Thread started: Thread Group 1-83
2024-11-08 13:48:21,277 INFO o.a.j.t.JMeterThread: Thread is done: Thread Group 1-83
2024-11-08 13:48:21,278 INFO o.a.j.t.JMeterThread: Thread finished: Thread Group 1-83
2024-11-08 13:48:21,354 INFO o.a.j.t.JMeterThread: Thread started: Thread Group 1-84
2024-11-08 13:48:21,386 INFO o.a.j.t.JMeterThread: Thread is done: Thread Group 1-84
2024-11-08 13:48:21,386 INFO o.a.j.t.JMeterThread: Thread finished: Thread Group 1-84
2024-11-08 13:48:21,453 INFO o.a.j.t.JMeterThread: Thread started: Thread Group 1-85
2024-11-08 13:48:21,481 INFO o.a.j.t.JMeterThread: Thread is done: Thread Group 1-85
2024-11-08 13:48:21,481 INFO o.a.j.t.JMeterThread: Thread finished: Thread Group 1-85
2024-11-08 13:48:21,554 INFO o.a.j.t.JMeterThread: Thread started: Thread Group 1-86
2024-11-08 13:48:21,581 INFO o.a.j.t.JMeterThread: Thread is done: Thread Group 1-86
2024-11-08 13:48:21,581 INFO o.a.j.t.JMeterThread: Thread finished: Thread Group 1-86
2024-11-08 13:48:21,654 INFO o.a.j.t.JMeterThread: Thread started: Thread Group 1-87
2024-11-08 13:48:21,680 INFO o.a.j.t.JMeterThread: Thread is done: Thread Group 1-87
2024-11-08 13:48:21,680 INFO o.a.j.t.JMeterThread: Thread finished: Thread Group 1-87
2024-11-08 13:48:21,753 INFO o.a.j.t.JMeterThread: Thread started: Thread Group 1-88
2024-11-08 13:48:21,783 INFO o.a.j.t.JMeterThread: Thread is done: Thread Group 1-88
2024-11-08 13:48:21,783 INFO o.a.j.t.JMeterThread: Thread finished: Thread Group 1-88
2024-11-08 13:48:21,854 INFO o.a.j.t.JMeterThread: Thread started: Thread Group 1-89
2024-11-08 13:48:21,884 INFO o.a.j.t.JMeterThread: Thread is done: Thread Group 1-89
2024-11-08 13:48:21,884 INFO o.a.j.t.JMeterThread: Thread finished: Thread Group 1-89
2024-11-08 13:48:21,954 INFO o.a.j.t.JMeterThread: Thread started: Thread Group 1-90
2024-11-08 13:48:21,985 INFO o.a.j.t.JMeterThread: Thread is done: Thread Group 1-90
2024-11-08 13:48:21,985 INFO o.a.j.t.JMeterThread: Thread finished: Thread Group 1-90
2024-11-08 13:48:22,054 INFO o.a.j.t.JMeterThread: Thread started: Thread Group 1-91
2024-11-08 13:48:22,095 INFO o.a.j.t.JMeterThread: Thread is done: Thread Group 1-91
2024-11-08 13:48:22,096 INFO o.a.j.t.JMeterThread: Thread finished: Thread Group 1-91
2024-11-08 13:48:22,154 INFO o.a.j.t.JMeterThread: Thread started: Thread Group 1-92
2024-11-08 13:48:22,193 INFO o.a.j.t.JMeterThread: Thread is done: Thread Group 1-92
2024-11-08 13:48:22,193 INFO o.a.j.t.JMeterThread: Thread finished: Thread Group 1-92
2024-11-08 13:48:22,253 INFO o.a.j.t.JMeterThread: Thread started: Thread Group 1-93
2024-11-08 13:48:22,287 INFO o.a.j.t.JMeterThread: Thread is done: Thread Group 1-93
2024-11-08 13:48:22,287 INFO o.a.j.t.JMeterThread: Thread finished: Thread Group 1-93
2024-11-08 13:48:22,355 INFO o.a.j.t.JMeterThread: Thread started: Thread Group 1-94
2024-11-08 13:48:22,384 INFO o.a.j.t.JMeterThread: Thread is done: Thread Group 1-94
2024-11-08 13:48:22,385 INFO o.a.j.t.JMeterThread: Thread finished: Thread Group 1-94
2024-11-08 13:48:22,455 INFO o.a.j.t.JMeterThread: Thread started: Thread Group 1-95
2024-11-08 13:48:22,479 INFO o.a.j.t.JMeterThread: Thread is done: Thread Group 1-95
2024-11-08 13:48:22,479 INFO o.a.j.t.JMeterThread: Thread finished: Thread Group 1-95
2024-11-08 13:48:22,553 INFO o.a.j.t.JMeterThread: Thread started: Thread Group 1-96
2024-11-08 13:48:22,583 INFO o.a.j.t.JMeterThread: Thread is done: Thread Group 1-96
2024-11-08 13:48:22,583 INFO o.a.j.t.JMeterThread: Thread finished: Thread Group 1-96
2024-11-08 13:48:22,655 INFO o.a.j.t.JMeterThread: Thread started: Thread Group 1-97
2024-11-08 13:48:22,681 INFO o.a.j.t.JMeterThread: Thread is done: Thread Group 1-97
2024-11-08 13:48:22,681 INFO o.a.j.t.JMeterThread: Thread finished: Thread Group 1-97
2024-11-08 13:48:22,753 INFO o.a.j.t.JMeterThread: Thread started: Thread Group 1-98
2024-11-08 13:48:22,784 INFO o.a.j.t.JMeterThread: Thread is done: Thread Group 1-98
2024-11-08 13:48:22,784 INFO o.a.j.t.JMeterThread: Thread finished: Thread Group 1-98
2024-11-08 13:48:22,853 INFO o.a.j.t.JMeterThread: Thread started: Thread Group 1-99
2024-11-08 13:48:22,883 INFO o.a.j.t.JMeterThread: Thread is done: Thread Group 1-99
2024-11-08 13:48:22,884 INFO o.a.j.t.JMeterThread: Thread finished: Thread Group 1-99
2024-11-08 13:48:22,954 INFO o.a.j.t.JMeterThread: Thread started: Thread Group 1-100
2024-11-08 13:48:22,986 INFO o.a.j.t.JMeterThread: Thread is done: Thread Group 1-100
2024-11-08 13:48:22,986 INFO o.a.j.t.JMeterThread: Thread finished: Thread Group 1-100
2024-11-08 13:48:22,986 INFO o.a.j.e.StandardJMeterEngine: Notifying test listeners of end of test
2024-11-08 13:48:22,988 INFO o.a.j.r.Summariser: summary =   1000 in 00:00:10 =  100.5/s Avg:     3 Min:     1 Max:    96 Err:     0 (0.00%)
2024-11-08 13:48:22,988 INFO o.a.j.JMeter: Generating Dashboard
2024-11-08 13:48:22,988 INFO o.a.j.r.d.ReportGenerator: Flushing result collector before report Generation
2024-11-08 13:48:23,004 INFO o.a.j.r.p.NormalizerSampleConsumer: Using format, 'ms', to parse timeStamp field
2024-11-08 13:48:23,148 INFO o.a.j.r.p.AbstractSampleConsumer: class org.apache.jmeter.report.processor.AggregateConsumer#stopProducing(): beginDate produced 0 samples
2024-11-08 13:48:23,149 INFO o.a.j.r.p.AbstractSampleConsumer: class org.apache.jmeter.report.processor.AggregateConsumer#stopProducing(): endDate produced 0 samples
2024-11-08 13:48:23,153 INFO o.a.j.r.p.AbstractSampleConsumer: class org.apache.jmeter.report.processor.ApdexSummaryConsumer#stopProducing(): apdexSummary produced 0 samples
2024-11-08 13:48:23,153 INFO o.a.j.r.p.AbstractSampleConsumer: class org.apache.jmeter.report.processor.RequestsSummaryConsumer#stopProducing(): requestsSummary produced 0 samples
2024-11-08 13:48:23,162 INFO o.a.j.r.p.AbstractSampleConsumer: class org.apache.jmeter.report.processor.StatisticsSummaryConsumer#stopProducing(): statisticsSummary produced 0 samples
2024-11-08 13:48:23,164 INFO o.a.j.r.p.AbstractSampleConsumer: class org.apache.jmeter.report.processor.Top5ErrorsBySamplerConsumer#stopProducing(): top5ErrorsBySampler produced 0 samples
2024-11-08 13:48:23,164 INFO o.a.j.r.p.AbstractSampleConsumer: class org.apache.jmeter.report.processor.ErrorsSummaryConsumer#stopProducing(): errorsSummary produced 0 samples
2024-11-08 13:48:23,164 INFO o.a.j.r.p.AbstractSampleConsumer: class org.apache.jmeter.report.processor.graph.impl.HitsPerSecondGraphConsumer#stopProducing(): hitsPerSecond produced 0 samples
2024-11-08 13:48:23,210 INFO o.a.j.r.p.AbstractSampleConsumer: class org.apache.jmeter.report.processor.graph.impl.LatencyVSRequestGraphConsumer#stopProducing(): latencyVsRequest produced 0 samples
2024-11-08 13:48:23,211 INFO o.a.j.r.p.AbstractSampleConsumer: class org.apache.jmeter.report.processor.graph.impl.SyntheticResponseTimeDistributionGraphConsumer#stopProducing(): syntheticResponseTimeDistribution produced 0 samples
2024-11-08 13:48:23,212 INFO o.a.j.r.p.AbstractSampleConsumer: class org.apache.jmeter.report.processor.graph.impl.BytesThroughputGraphConsumer#stopProducing(): bytesThroughputOverTime produced 0 samples
2024-11-08 13:48:23,212 INFO o.a.j.r.p.AbstractSampleConsumer: class org.apache.jmeter.report.processor.graph.impl.CodesPerSecondGraphConsumer#stopProducing(): codesPerSecond produced 0 samples
2024-11-08 13:48:23,229 INFO o.a.j.r.p.AbstractSampleConsumer: class org.apache.jmeter.report.processor.graph.impl.ResponseTimeVSRequestGraphConsumer#stopProducing(): responseTimeVsRequest produced 0 samples
2024-11-08 13:48:23,230 INFO o.a.j.r.p.AbstractSampleConsumer: class org.apache.jmeter.report.processor.FilterConsumer#stopProducing(): startIntervalControlerFilter produced 7000 samples
2024-11-08 13:48:23,230 INFO o.a.j.r.p.AbstractSampleConsumer: class org.apache.jmeter.report.processor.graph.impl.TotalTPSGraphConsumer#stopProducing(): totalTPS produced 0 samples
2024-11-08 13:48:23,230 INFO o.a.j.r.p.AbstractSampleConsumer: class org.apache.jmeter.report.processor.graph.impl.ActiveThreadsGraphConsumer#stopProducing(): activeThreadsOverTime produced 0 samples
2024-11-08 13:48:23,230 INFO o.a.j.r.p.AbstractSampleConsumer: class org.apache.jmeter.report.processor.graph.impl.TimeVSThreadGraphConsumer#stopProducing(): timeVsThreads produced 0 samples
2024-11-08 13:48:23,231 INFO o.a.j.r.p.AbstractSampleConsumer: class org.apache.jmeter.report.processor.graph.impl.ResponseTimeDistributionGraphConsumer#stopProducing(): responseTimeDistribution produced 0 samples
2024-11-08 13:48:23,231 INFO o.a.j.r.p.AbstractSampleConsumer: class org.apache.jmeter.report.processor.graph.impl.TransactionsPerSecondGraphConsumer#stopProducing(): transactionsPerSecond produced 0 samples
2024-11-08 13:48:23,231 INFO o.a.j.r.p.AbstractSampleConsumer: class org.apache.jmeter.report.processor.graph.impl.ResponseTimePercentilesGraphConsumer#stopProducing(): responseTimePercentiles produced 0 samples
2024-11-08 13:48:23,232 INFO o.a.j.r.p.AbstractSampleConsumer: class org.apache.jmeter.report.processor.graph.impl.ResponseTimePercentilesOverTimeGraphConsumer#stopProducing(): responseTimePercentilesOverTime produced 0 samples
2024-11-08 13:48:23,234 INFO o.a.j.r.p.AbstractSampleConsumer: class org.apache.jmeter.report.processor.graph.impl.ResponseTimeOverTimeGraphConsumer#stopProducing(): responseTimesOverTime produced 0 samples
2024-11-08 13:48:23,234 INFO o.a.j.r.p.AbstractSampleConsumer: class org.apache.jmeter.report.processor.graph.impl.ConnectTimeOverTimeGraphConsumer#stopProducing(): connectTimeOverTime produced 0 samples
2024-11-08 13:48:23,234 INFO o.a.j.r.p.AbstractSampleConsumer: class org.apache.jmeter.report.processor.graph.impl.LatencyOverTimeGraphConsumer#stopProducing(): latenciesOverTime produced 0 samples
2024-11-08 13:48:23,234 INFO o.a.j.r.p.AbstractSampleConsumer: class org.apache.jmeter.report.processor.FilterConsumer#stopProducing(): nameFilter produced 15000 samples
2024-11-08 13:48:23,234 INFO o.a.j.r.p.AbstractSampleConsumer: class org.apache.jmeter.report.processor.FilterConsumer#stopProducing(): dateRangeFilter produced 3000 samples
2024-11-08 13:48:23,234 INFO o.a.j.r.p.AbstractSampleConsumer: class org.apache.jmeter.report.processor.NormalizerSampleConsumer#stopProducing(): normalizer produced 1000 samples
2024-11-08 13:48:23,235 INFO o.a.j.r.p.CsvFileSampleSource: produce(): 1000 samples produced in 197ms on channel 0
2024-11-08 13:48:23,235 INFO o.a.j.r.d.ReportGenerator: Exporting data using exporter:'json' of className:'org.apache.jmeter.report.dashboard.JsonExporter'
2024-11-08 13:48:23,364 INFO o.a.j.r.d.JsonExporter: Found data for consumer statisticsSummary in context
2024-11-08 13:48:23,364 INFO o.a.j.r.d.JsonExporter: Creating statistics for overall
2024-11-08 13:48:23,365 INFO o.a.j.r.d.JsonExporter: Creating statistics for other transactions
2024-11-08 13:48:23,366 INFO o.a.j.r.d.JsonExporter: Checking output folder
2024-11-08 13:48:23,366 INFO o.a.j.r.d.JsonExporter: Writing statistics JSON to /media/kipi/SSD/Vms/PFinalSO/Proyecto-Final-Sistemas-Operativos/test-results/web-report/statistics.json
2024-11-08 13:48:23,421 INFO o.a.j.r.d.ReportGenerator: Exporting data using exporter:'html' of className:'org.apache.jmeter.report.dashboard.HtmlTemplateExporter'
2024-11-08 13:48:23,424 INFO o.a.j.r.d.HtmlTemplateExporter: Will generate dashboard in folder: /media/kipi/SSD/Vms/PFinalSO/Proyecto-Final-Sistemas-Operativos/test-results/web-report
2024-11-08 13:48:23,576 INFO o.a.j.r.d.HtmlTemplateExporter: Report will be generated in: /media/kipi/SSD/Vms/PFinalSO/Proyecto-Final-Sistemas-Operativos/test-results/web-report, creating folder structure
2024-11-08 13:48:23,579 INFO o.a.j.r.d.TemplateVisitor: Copying folder from '/media/kipi/SSD/Vms/PFinalSO/Proyecto-Final-Sistemas-Operativos/apache-jmeter-5.6.3/bin/report-template' to '/media/kipi/SSD/Vms/PFinalSO/Proyecto-Final-Sistemas-Operativos/test-results/web-report', got message: /media/kipi/SSD/Vms/PFinalSO/Proyecto-Final-Sistemas-Operativos/test-results/web-report, found non empty folder with following content [/media/kipi/SSD/Vms/PFinalSO/Proyecto-Final-Sistemas-Operativos/test-results/web-report/statistics.json], will be ignored
2024-11-08 13:48:23,831 INFO o.a.j.JMeter: Dashboard generated
